<?xml version="1.0" encoding="UTF-8"?>
<!-- Generated by org.testng.reporters.JUnitXMLReporter -->
<testsuite ignored="0" hostname="Vijay" failures="0" tests="4" name="Default test" time="0.07" errors="0" timestamp="2024-02-17T22:44:57 IST">
  <testcase classname="com.testngfeatures.Grouping" name="f" time="0.013"/>
  <testcase classname="com.testngfeatures.Grouping" name="f2" time="0.001"/>
  <testcase classname="com.testngfeatures.Grouping" name="f3" time="0.002"/>
  <testcase classname="com.testngfeatures.Grouping" name="f4" time="0.001"/>
</testsuite> <!-- Default test -->
