<?xml version="1.0" encoding="UTF-8"?>
<!-- Generated by org.testng.reporters.JUnitXMLReporter -->
<testsuite ignored="1" hostname="Vijay" failures="0" tests="3" name="Test" time="0.061" errors="0" timestamp="2024-02-17T22:45:11 IST">
  <testcase classname="com.testngfeatures.Grouping" name="f" time="0.011"/>
  <testcase classname="com.testngfeatures.Grouping" name="f3" time="0.001"/>
  <testcase classname="com.testngfeatures.Grouping" name="f4" time="0.002"/>
  <testcase classname="com.testngfeatures.Grouping" name="f2" time="0.0">
    <ignored/>
  </testcase> <!-- f2 -->
</testsuite> <!-- Test -->
