<?xml version="1.0" encoding="UTF-8"?>
<testng-results ignored="1" total="4" passed="3" failed="0" skipped="0">
  <reporter-output>
  </reporter-output>
  <suite started-at="2024-02-17T22:45:11 IST" name="Suite" finished-at="2024-02-17T22:45:11 IST" duration-ms="61">
    <groups>
      <group name="password">
        <method signature="Grouping.f4()[pri:0, instance:com.testngfeatures.Grouping@32502377]" name="f4" class="com.testngfeatures.Grouping"/>
      </group> <!-- password -->
      <group name="First Name">
        <method signature="Grouping.f()[pri:0, instance:com.testngfeatures.Grouping@32502377]" name="f" class="com.testngfeatures.Grouping"/>
      </group> <!-- First Name -->
      <group name="username">
        <method signature="Grouping.f3()[pri:0, instance:com.testngfeatures.Grouping@32502377]" name="f3" class="com.testngfeatures.Grouping"/>
      </group> <!-- username -->
    </groups>
    <test started-at="2024-02-17T22:45:11 IST" name="Test" finished-at="2024-02-17T22:45:11 IST" duration-ms="61">
      <class name="com.testngfeatures.Grouping">
        <test-method signature="f()[pri:0, instance:com.testngfeatures.Grouping@32502377]" started-at="2024-02-17T22:45:11 IST" name="f" finished-at="2024-02-17T22:45:11 IST" duration-ms="11" status="PASS">
          <reporter-output>
          </reporter-output>
        </test-method> <!-- f -->
        <test-method signature="f3()[pri:0, instance:com.testngfeatures.Grouping@32502377]" started-at="2024-02-17T22:45:11 IST" name="f3" finished-at="2024-02-17T22:45:11 IST" duration-ms="1" status="PASS">
          <reporter-output>
          </reporter-output>
        </test-method> <!-- f3 -->
        <test-method signature="f4()[pri:0, instance:com.testngfeatures.Grouping@32502377]" started-at="2024-02-17T22:45:11 IST" name="f4" finished-at="2024-02-17T22:45:11 IST" duration-ms="2" status="PASS">
          <reporter-output>
          </reporter-output>
        </test-method> <!-- f4 -->
      </class> <!-- com.testngfeatures.Grouping -->
    </test> <!-- Test -->
  </suite> <!-- Suite -->
</testng-results>
